2019-01-23 16:40:04,581 [Worker-0: Loading available Gradle versions] INFO  o.e.b.c.i.u.g.PublishedGradleVersions - Gradle version information cache is up-to-date. Trying to read.
2019-01-23 16:40:48,166 [Worker-3: Creating maven-archetype-quickstart] INFO  o.e.m.c.i.p.ProjectConfigurationManager - Collecting project info '/pom.xml' C:\Users\USER\Documents\workspace-spring-tool-suite-4-4.1.0.RELEASE\task1\pom.xml
2019-01-23 16:40:51,721 [Worker-3: Creating maven-archetype-quickstart] INFO  o.e.m.c.i.l.LifecycleMappingFactory - Using org.eclipse.m2e.jdt.JarLifecycleMapping lifecycle mapping for MavenProject: java:task1:0.0.1-SNAPSHOT @ C:\Users\USER\Documents\workspace-spring-tool-suite-4-4.1.0.RELEASE\task1\pom.xml.
2019-01-23 16:40:53,808 [Worker-3: Creating maven-archetype-quickstart] INFO  o.e.m.c.i.e.AbstractTransferListenerAdapter - Downloading https://repo.maven.apache.org/maven2/org/apache/maven/plugins/maven-surefire-plugin/2.12.4/maven-surefire-plugin-2.12.4.pom
2019-01-23 16:40:54,096 [Worker-3: Creating maven-archetype-quickstart] INFO  o.e.m.c.i.e.AbstractTransferListenerAdapter - Downloaded https://repo.maven.apache.org/maven2/org/apache/maven/plugins/maven-surefire-plugin/2.12.4/maven-surefire-plugin-2.12.4.pom
2019-01-23 16:40:54,371 [Worker-3: Creating maven-archetype-quickstart] INFO  o.e.m.c.i.e.AbstractTransferListenerAdapter - Downloading https://repo.maven.apache.org/maven2/org/apache/maven/surefire/surefire/2.12.4/surefire-2.12.4.pom
2019-01-23 16:40:56,293 [Worker-3: Creating maven-archetype-quickstart] INFO  o.e.m.c.i.e.AbstractTransferListenerAdapter - Downloaded https://repo.maven.apache.org/maven2/org/apache/maven/surefire/surefire/2.12.4/surefire-2.12.4.pom
2019-01-23 16:40:56,582 [Worker-3: Creating maven-archetype-quickstart] INFO  o.e.m.c.i.e.AbstractTransferListenerAdapter - Downloading https://repo.maven.apache.org/maven2/org/apache/maven/plugins/maven-jar-plugin/2.4/maven-jar-plugin-2.4.pom
2019-01-23 16:40:56,867 [Worker-3: Creating maven-archetype-quickstart] INFO  o.e.m.c.i.e.AbstractTransferListenerAdapter - Downloaded https://repo.maven.apache.org/maven2/org/apache/maven/plugins/maven-jar-plugin/2.4/maven-jar-plugin-2.4.pom
2019-01-23 16:40:57,159 [Worker-3: Creating maven-archetype-quickstart] INFO  o.e.m.c.i.e.AbstractTransferListenerAdapter - Downloading https://repo.maven.apache.org/maven2/org/apache/maven/plugins/maven-plugins/22/maven-plugins-22.pom
2019-01-23 16:40:58,288 [Worker-3: Creating maven-archetype-quickstart] INFO  o.e.m.c.i.e.AbstractTransferListenerAdapter - Downloaded https://repo.maven.apache.org/maven2/org/apache/maven/plugins/maven-plugins/22/maven-plugins-22.pom
2019-01-23 16:40:58,673 [Worker-3: Creating maven-archetype-quickstart] INFO  o.e.m.c.i.e.AbstractTransferListenerAdapter - Downloading https://repo.maven.apache.org/maven2/org/apache/maven/maven-archiver/2.5/maven-archiver-2.5.pom
2019-01-23 16:40:58,965 [Worker-3: Creating maven-archetype-quickstart] INFO  o.e.m.c.i.e.AbstractTransferListenerAdapter - Downloaded https://repo.maven.apache.org/maven2/org/apache/maven/maven-archiver/2.5/maven-archiver-2.5.pom
2019-01-23 16:40:59,300 [Worker-3: Creating maven-archetype-quickstart] INFO  o.e.m.c.i.e.AbstractTransferListenerAdapter - Downloading https://repo.maven.apache.org/maven2/org/codehaus/plexus/plexus-archiver/2.1/plexus-archiver-2.1.pom
2019-01-23 16:40:59,562 [Worker-3: Creating maven-archetype-quickstart] INFO  o.e.m.c.i.e.AbstractTransferListenerAdapter - Downloaded https://repo.maven.apache.org/maven2/org/codehaus/plexus/plexus-archiver/2.1/plexus-archiver-2.1.pom
2019-01-23 16:40:59,831 [Worker-3: Creating maven-archetype-quickstart] INFO  o.e.m.c.i.e.AbstractTransferListenerAdapter - Downloading https://repo.maven.apache.org/maven2/org/codehaus/plexus/plexus-utils/3.0/plexus-utils-3.0.pom
2019-01-23 16:41:00,159 [Worker-3: Creating maven-archetype-quickstart] INFO  o.e.m.c.i.e.AbstractTransferListenerAdapter - Downloaded https://repo.maven.apache.org/maven2/org/codehaus/plexus/plexus-utils/3.0/plexus-utils-3.0.pom
2019-01-23 16:41:00,428 [Worker-3: Creating maven-archetype-quickstart] INFO  o.e.m.c.i.e.AbstractTransferListenerAdapter - Downloading https://repo.maven.apache.org/maven2/org/sonatype/spice/spice-parent/16/spice-parent-16.pom
2019-01-23 16:41:00,732 [Worker-3: Creating maven-archetype-quickstart] INFO  o.e.m.c.i.e.AbstractTransferListenerAdapter - Downloaded https://repo.maven.apache.org/maven2/org/sonatype/spice/spice-parent/16/spice-parent-16.pom
2019-01-23 16:41:01,003 [Worker-3: Creating maven-archetype-quickstart] INFO  o.e.m.c.i.e.AbstractTransferListenerAdapter - Downloading https://repo.maven.apache.org/maven2/org/sonatype/forge/forge-parent/5/forge-parent-5.pom
2019-01-23 16:41:01,290 [Worker-3: Creating maven-archetype-quickstart] INFO  o.e.m.c.i.e.AbstractTransferListenerAdapter - Downloaded https://repo.maven.apache.org/maven2/org/sonatype/forge/forge-parent/5/forge-parent-5.pom
2019-01-23 16:41:01,563 [Worker-3: Creating maven-archetype-quickstart] INFO  o.e.m.c.i.e.AbstractTransferListenerAdapter - Downloading https://repo.maven.apache.org/maven2/org/codehaus/plexus/plexus-io/2.0.2/plexus-io-2.0.2.pom
2019-01-23 16:41:01,844 [Worker-3: Creating maven-archetype-quickstart] INFO  o.e.m.c.i.e.AbstractTransferListenerAdapter - Downloaded https://repo.maven.apache.org/maven2/org/codehaus/plexus/plexus-io/2.0.2/plexus-io-2.0.2.pom
2019-01-23 16:41:02,123 [Worker-3: Creating maven-archetype-quickstart] INFO  o.e.m.c.i.e.AbstractTransferListenerAdapter - Downloading https://repo.maven.apache.org/maven2/org/codehaus/plexus/plexus-components/1.1.19/plexus-components-1.1.19.pom
2019-01-23 16:41:02,596 [Worker-3: Creating maven-archetype-quickstart] INFO  o.e.m.c.i.e.AbstractTransferListenerAdapter - Downloaded https://repo.maven.apache.org/maven2/org/codehaus/plexus/plexus-components/1.1.19/plexus-components-1.1.19.pom
2019-01-23 16:41:02,984 [Worker-3: Creating maven-archetype-quickstart] INFO  o.e.m.c.i.e.AbstractTransferListenerAdapter - Downloading https://repo.maven.apache.org/maven2/org/codehaus/plexus/plexus/3.0.1/plexus-3.0.1.pom
2019-01-23 16:41:03,859 [Worker-3: Creating maven-archetype-quickstart] INFO  o.e.m.c.i.e.AbstractTransferListenerAdapter - Downloaded https://repo.maven.apache.org/maven2/org/codehaus/plexus/plexus/3.0.1/plexus-3.0.1.pom
2019-01-23 16:41:04,215 [Worker-3: Creating maven-archetype-quickstart] INFO  o.e.m.c.i.e.AbstractTransferListenerAdapter - Downloading https://repo.maven.apache.org/maven2/org/codehaus/plexus/plexus-interpolation/1.15/plexus-interpolation-1.15.pom
2019-01-23 16:41:04,779 [Worker-3: Creating maven-archetype-quickstart] INFO  o.e.m.c.i.e.AbstractTransferListenerAdapter - Downloaded https://repo.maven.apache.org/maven2/org/codehaus/plexus/plexus-interpolation/1.15/plexus-interpolation-1.15.pom
2019-01-23 16:41:05,135 [Worker-3: Creating maven-archetype-quickstart] INFO  o.e.m.c.i.e.AbstractTransferListenerAdapter - Downloading https://repo.maven.apache.org/maven2/commons-lang/commons-lang/2.1/commons-lang-2.1.pom
2019-01-23 16:41:05,656 [Worker-3: Creating maven-archetype-quickstart] INFO  o.e.m.c.i.e.AbstractTransferListenerAdapter - Downloaded https://repo.maven.apache.org/maven2/commons-lang/commons-lang/2.1/commons-lang-2.1.pom
2019-01-23 16:41:06,025 [Worker-3: Creating maven-archetype-quickstart] INFO  o.e.m.c.i.e.AbstractTransferListenerAdapter - Downloading https://repo.maven.apache.org/maven2/classworlds/classworlds/1.1-alpha-2/classworlds-1.1-alpha-2.jar
2019-01-23 16:41:07,382 [Worker-3: Creating maven-archetype-quickstart] INFO  o.e.m.c.i.e.AbstractTransferListenerAdapter - Downloaded https://repo.maven.apache.org/maven2/classworlds/classworlds/1.1-alpha-2/classworlds-1.1-alpha-2.jar
2019-01-23 16:41:07,640 [Worker-3: Creating maven-archetype-quickstart] INFO  o.e.m.c.i.e.AbstractTransferListenerAdapter - Downloading https://repo.maven.apache.org/maven2/org/apache/maven/maven-archiver/2.5/maven-archiver-2.5.jar
2019-01-23 16:41:08,310 [Worker-3: Creating maven-archetype-quickstart] INFO  o.e.m.c.i.e.AbstractTransferListenerAdapter - Downloaded https://repo.maven.apache.org/maven2/org/apache/maven/maven-archiver/2.5/maven-archiver-2.5.jar
2019-01-23 16:41:08,568 [Worker-3: Creating maven-archetype-quickstart] INFO  o.e.m.c.i.e.AbstractTransferListenerAdapter - Downloading https://repo.maven.apache.org/maven2/org/codehaus/plexus/plexus-interpolation/1.15/plexus-interpolation-1.15.jar
2019-01-23 16:41:09,836 [Worker-3: Creating maven-archetype-quickstart] INFO  o.e.m.c.i.e.AbstractTransferListenerAdapter - Downloaded https://repo.maven.apache.org/maven2/org/codehaus/plexus/plexus-interpolation/1.15/plexus-interpolation-1.15.jar
2019-01-23 16:41:10,094 [Worker-3: Creating maven-archetype-quickstart] INFO  o.e.m.c.i.e.AbstractTransferListenerAdapter - Downloading https://repo.maven.apache.org/maven2/org/codehaus/plexus/plexus-archiver/2.1/plexus-archiver-2.1.jar
2019-01-23 16:41:13,382 [Worker-3: Creating maven-archetype-quickstart] INFO  o.e.m.c.i.e.AbstractTransferListenerAdapter - Downloaded https://repo.maven.apache.org/maven2/org/codehaus/plexus/plexus-archiver/2.1/plexus-archiver-2.1.jar
2019-01-23 16:41:14,152 [Worker-3: Creating maven-archetype-quickstart] INFO  o.e.m.c.i.e.AbstractTransferListenerAdapter - Downloading https://repo.maven.apache.org/maven2/org/codehaus/plexus/plexus-io/2.0.2/plexus-io-2.0.2.jar
2019-01-23 16:41:14,944 [Worker-3: Creating maven-archetype-quickstart] INFO  o.e.m.c.i.e.AbstractTransferListenerAdapter - Downloaded https://repo.maven.apache.org/maven2/org/codehaus/plexus/plexus-io/2.0.2/plexus-io-2.0.2.jar
2019-01-23 16:41:15,207 [Worker-3: Creating maven-archetype-quickstart] INFO  o.e.m.c.i.e.AbstractTransferListenerAdapter - Downloading https://repo.maven.apache.org/maven2/commons-lang/commons-lang/2.1/commons-lang-2.1.jar
2019-01-23 16:41:18,974 [Worker-3: Creating maven-archetype-quickstart] INFO  o.e.m.c.i.e.AbstractTransferListenerAdapter - Downloaded https://repo.maven.apache.org/maven2/commons-lang/commons-lang/2.1/commons-lang-2.1.jar
2019-01-23 16:41:19,245 [Worker-3: Creating maven-archetype-quickstart] INFO  o.e.m.c.i.e.AbstractTransferListenerAdapter - Downloading https://repo.maven.apache.org/maven2/org/codehaus/plexus/plexus-utils/3.0/plexus-utils-3.0.jar
2019-01-23 16:41:22,766 [Worker-3: Creating maven-archetype-quickstart] INFO  o.e.m.c.i.e.AbstractTransferListenerAdapter - Downloaded https://repo.maven.apache.org/maven2/org/codehaus/plexus/plexus-utils/3.0/plexus-utils-3.0.jar
2019-01-23 16:41:24,401 [Worker-3: Creating maven-archetype-quickstart] INFO  o.e.m.j.i.AbstractJavaProjectConfigurator - Adding source folder /task1/src/main/java
2019-01-23 16:41:24,416 [Worker-3: Creating maven-archetype-quickstart] INFO  o.e.m.j.i.AbstractJavaProjectConfigurator - Adding source folder /task1/src/test/java
2019-01-23 16:41:25,311 [Worker-3: Creating maven-archetype-quickstart] INFO  o.e.m.c.i.p.ProjectConfigurationManager - Imported and configured 1 project(s) in 37 sec
2019-01-23 16:41:25,980 [Worker-4: Building workspace] INFO  o.e.m.c.i.embedder.EclipseLogger - Using 'UTF-8' encoding to copy filtered resources.
2019-01-23 16:41:26,013 [Worker-4: Building workspace] INFO  o.e.m.c.i.embedder.EclipseLogger - skip non existing resourceDirectory C:\Users\USER\Documents\workspace-spring-tool-suite-4-4.1.0.RELEASE\task1\src\main\resources
2019-01-23 16:41:26,030 [Worker-4: Building workspace] INFO  o.e.m.c.i.embedder.EclipseLogger - Using 'UTF-8' encoding to copy filtered resources.
2019-01-23 16:41:26,030 [Worker-4: Building workspace] INFO  o.e.m.c.i.embedder.EclipseLogger - skip non existing resourceDirectory C:\Users\USER\Documents\workspace-spring-tool-suite-4-4.1.0.RELEASE\task1\src\test\resources
2019-01-23 16:43:21,282 [Worker-0: Building workspace] INFO  o.e.m.c.i.embedder.EclipseLogger - Using 'UTF-8' encoding to copy filtered resources.
2019-01-23 16:43:21,282 [Worker-0: Building workspace] INFO  o.e.m.c.i.embedder.EclipseLogger - skip non existing resourceDirectory C:\Users\USER\Documents\workspace-spring-tool-suite-4-4.1.0.RELEASE\task1\src\main\resources
2019-01-23 16:43:21,284 [Worker-0: Building workspace] INFO  o.e.m.c.i.embedder.EclipseLogger - Using 'UTF-8' encoding to copy filtered resources.
2019-01-23 16:43:21,284 [Worker-0: Building workspace] INFO  o.e.m.c.i.embedder.EclipseLogger - skip non existing resourceDirectory C:\Users\USER\Documents\workspace-spring-tool-suite-4-4.1.0.RELEASE\task1\src\test\resources
2019-01-23 16:44:39,929 [Worker-8: Building workspace] INFO  o.e.m.c.i.embedder.EclipseLogger - Using 'UTF-8' encoding to copy filtered resources.
2019-01-23 16:44:39,937 [Worker-8: Building workspace] INFO  o.e.m.c.i.embedder.EclipseLogger - skip non existing resourceDirectory C:\Users\USER\Documents\workspace-spring-tool-suite-4-4.1.0.RELEASE\task1\src\main\resources
2019-01-23 16:44:39,945 [Worker-8: Building workspace] INFO  o.e.m.c.i.embedder.EclipseLogger - Using 'UTF-8' encoding to copy filtered resources.
2019-01-23 16:44:39,945 [Worker-8: Building workspace] INFO  o.e.m.c.i.embedder.EclipseLogger - skip non existing resourceDirectory C:\Users\USER\Documents\workspace-spring-tool-suite-4-4.1.0.RELEASE\task1\src\test\resources
2019-01-23 16:44:41,259 [Worker-9: Download sources and javadoc] INFO  o.e.m.j.internal.DownloadSourcesJob - Downloaded sources for junit:junit:3.8.1
2019-01-23 16:44:41,399 [Worker-9: Building workspace] INFO  o.e.m.c.i.embedder.EclipseLogger - Using 'UTF-8' encoding to copy filtered resources.
2019-01-23 16:44:41,400 [Worker-9: Building workspace] INFO  o.e.m.c.i.embedder.EclipseLogger - skip non existing resourceDirectory C:\Users\USER\Documents\workspace-spring-tool-suite-4-4.1.0.RELEASE\task1\src\main\resources
2019-01-23 16:44:41,401 [Worker-9: Building workspace] INFO  o.e.m.c.i.embedder.EclipseLogger - Using 'UTF-8' encoding to copy filtered resources.
2019-01-23 16:44:41,421 [Worker-9: Building workspace] INFO  o.e.m.c.i.embedder.EclipseLogger - skip non existing resourceDirectory C:\Users\USER\Documents\workspace-spring-tool-suite-4-4.1.0.RELEASE\task1\src\test\resources
2019-01-23 16:45:37,451 [Worker-8: Creating maven-archetype-quickstart] INFO  o.e.m.c.i.p.ProjectConfigurationManager - Collecting project info '/pom.xml' C:\Users\USER\Documents\workspace-spring-tool-suite-4-4.1.0.RELEASE\abs\pom.xml
2019-01-23 16:45:37,645 [Worker-8: Creating maven-archetype-quickstart] INFO  o.e.m.c.i.l.LifecycleMappingFactory - Using org.eclipse.m2e.jdt.JarLifecycleMapping lifecycle mapping for MavenProject: java:abs:0.0.1-SNAPSHOT @ C:\Users\USER\Documents\workspace-spring-tool-suite-4-4.1.0.RELEASE\abs\pom.xml.
2019-01-23 16:45:37,795 [Worker-8: Creating maven-archetype-quickstart] INFO  o.e.m.j.i.AbstractJavaProjectConfigurator - Adding source folder /abs/src/main/java
2019-01-23 16:45:37,812 [Worker-8: Creating maven-archetype-quickstart] INFO  o.e.m.j.i.AbstractJavaProjectConfigurator - Adding source folder /abs/src/test/java
2019-01-23 16:45:37,929 [Worker-8: Creating maven-archetype-quickstart] INFO  o.e.m.c.i.p.ProjectConfigurationManager - Imported and configured 1 project(s) in 0 sec
2019-01-23 16:45:38,148 [Worker-10: Building workspace] INFO  o.e.m.c.i.embedder.EclipseLogger - Using 'UTF-8' encoding to copy filtered resources.
2019-01-23 16:45:38,149 [Worker-10: Building workspace] INFO  o.e.m.c.i.embedder.EclipseLogger - skip non existing resourceDirectory C:\Users\USER\Documents\workspace-spring-tool-suite-4-4.1.0.RELEASE\abs\src\main\resources
2019-01-23 16:45:38,159 [Worker-10: Building workspace] INFO  o.e.m.c.i.embedder.EclipseLogger - Using 'UTF-8' encoding to copy filtered resources.
2019-01-23 16:45:38,159 [Worker-10: Building workspace] INFO  o.e.m.c.i.embedder.EclipseLogger - skip non existing resourceDirectory C:\Users\USER\Documents\workspace-spring-tool-suite-4-4.1.0.RELEASE\abs\src\test\resources
2019-01-23 16:58:46,922 [Worker-12: Building workspace] INFO  o.e.m.c.i.embedder.EclipseLogger - Using 'UTF-8' encoding to copy filtered resources.
2019-01-23 16:58:46,923 [Worker-12: Building workspace] INFO  o.e.m.c.i.embedder.EclipseLogger - skip non existing resourceDirectory C:\Users\USER\Documents\workspace-spring-tool-suite-4-4.1.0.RELEASE\abs\src\main\resources
2019-01-23 16:58:46,933 [Worker-12: Building workspace] INFO  o.e.m.c.i.embedder.EclipseLogger - Using 'UTF-8' encoding to copy filtered resources.
2019-01-23 16:58:46,938 [Worker-12: Building workspace] INFO  o.e.m.c.i.embedder.EclipseLogger - skip non existing resourceDirectory C:\Users\USER\Documents\workspace-spring-tool-suite-4-4.1.0.RELEASE\abs\src\test\resources
2019-01-23 16:59:14,319 [Worker-13: Updating Maven Project] INFO  o.e.m.c.i.p.ProjectConfigurationManager - Update started
2019-01-23 16:59:14,902 [Worker-13: Updating Maven Project] INFO  o.e.m.c.i.l.LifecycleMappingFactory - Using org.eclipse.m2e.jdt.JarLifecycleMapping lifecycle mapping for MavenProject: java:abs:0.0.1-SNAPSHOT @ C:\Users\USER\Documents\workspace-spring-tool-suite-4-4.1.0.RELEASE\abs\pom.xml.
2019-01-23 16:59:15,176 [Worker-13: Updating Maven Project] INFO  o.e.m.j.i.AbstractJavaProjectConfigurator - Adding source folder /abs/src/main/java
2019-01-23 16:59:15,184 [Worker-13: Updating Maven Project] INFO  o.e.m.j.i.AbstractJavaProjectConfigurator - Adding source folder /abs/src/test/java
2019-01-23 16:59:15,309 [Worker-13: Updating Maven Project] INFO  o.e.m.c.i.p.ProjectConfigurationManager - Update completed: 0 sec
2019-01-23 16:59:15,559 [Worker-11: Building workspace] INFO  o.e.m.c.i.embedder.EclipseLogger - Using 'UTF-8' encoding to copy filtered resources.
2019-01-23 16:59:15,566 [Worker-11: Building workspace] INFO  o.e.m.c.i.embedder.EclipseLogger - skip non existing resourceDirectory C:\Users\USER\Documents\workspace-spring-tool-suite-4-4.1.0.RELEASE\abs\src\main\resources
2019-01-23 16:59:15,568 [Worker-11: Building workspace] INFO  o.e.m.c.i.embedder.EclipseLogger - Using 'UTF-8' encoding to copy filtered resources.
2019-01-23 16:59:15,575 [Worker-11: Building workspace] INFO  o.e.m.c.i.embedder.EclipseLogger - skip non existing resourceDirectory C:\Users\USER\Documents\workspace-spring-tool-suite-4-4.1.0.RELEASE\abs\src\test\resources
2019-01-23 17:23:41,993 [Worker-15: Creating maven-archetype-quickstart] INFO  o.e.m.c.i.p.ProjectConfigurationManager - Collecting project info '/pom.xml' C:\Users\USER\Documents\workspace-spring-tool-suite-4-4.1.0.RELEASE\Test\pom.xml
2019-01-23 17:23:42,144 [Worker-15: Creating maven-archetype-quickstart] INFO  o.e.m.c.i.l.LifecycleMappingFactory - Using org.eclipse.m2e.jdt.JarLifecycleMapping lifecycle mapping for MavenProject: com.Test:Test:0.0.1-SNAPSHOT @ C:\Users\USER\Documents\workspace-spring-tool-suite-4-4.1.0.RELEASE\Test\pom.xml.
2019-01-23 17:23:42,295 [Worker-15: Creating maven-archetype-quickstart] INFO  o.e.m.j.i.AbstractJavaProjectConfigurator - Adding source folder /Test/src/main/java
2019-01-23 17:23:42,305 [Worker-15: Creating maven-archetype-quickstart] INFO  o.e.m.j.i.AbstractJavaProjectConfigurator - Adding source folder /Test/src/test/java
2019-01-23 17:23:42,399 [Worker-15: Creating maven-archetype-quickstart] INFO  o.e.m.c.i.p.ProjectConfigurationManager - Imported and configured 1 project(s) in 0 sec
2019-01-23 17:23:42,738 [Worker-17: Building workspace] INFO  o.e.m.c.i.embedder.EclipseLogger - Using 'UTF-8' encoding to copy filtered resources.
2019-01-23 17:23:42,738 [Worker-17: Building workspace] INFO  o.e.m.c.i.embedder.EclipseLogger - skip non existing resourceDirectory C:\Users\USER\Documents\workspace-spring-tool-suite-4-4.1.0.RELEASE\Test\src\main\resources
2019-01-23 17:23:42,740 [Worker-17: Building workspace] INFO  o.e.m.c.i.embedder.EclipseLogger - Using 'UTF-8' encoding to copy filtered resources.
2019-01-23 17:23:42,740 [Worker-17: Building workspace] INFO  o.e.m.c.i.embedder.EclipseLogger - skip non existing resourceDirectory C:\Users\USER\Documents\workspace-spring-tool-suite-4-4.1.0.RELEASE\Test\src\test\resources
2019-01-23 17:25:20,887 [Worker-13: Creating maven-archetype-quickstart] INFO  o.e.m.c.i.p.ProjectConfigurationManager - Collecting project info '/pom.xml' C:\Users\USER\Documents\workspace-spring-tool-suite-4-4.1.0.RELEASE\Test2\pom.xml
2019-01-23 17:25:21,004 [Worker-13: Creating maven-archetype-quickstart] INFO  o.e.m.c.i.l.LifecycleMappingFactory - Using org.eclipse.m2e.jdt.JarLifecycleMapping lifecycle mapping for MavenProject: com.Test2:Test2:0.0.1-SNAPSHOT @ C:\Users\USER\Documents\workspace-spring-tool-suite-4-4.1.0.RELEASE\Test2\pom.xml.
2019-01-23 17:25:21,124 [Worker-13: Creating maven-archetype-quickstart] INFO  o.e.m.j.i.AbstractJavaProjectConfigurator - Adding source folder /Test2/src/main/java
2019-01-23 17:25:21,130 [Worker-13: Creating maven-archetype-quickstart] INFO  o.e.m.j.i.AbstractJavaProjectConfigurator - Adding source folder /Test2/src/test/java
2019-01-23 17:25:21,244 [Worker-13: Creating maven-archetype-quickstart] INFO  o.e.m.c.i.p.ProjectConfigurationManager - Imported and configured 1 project(s) in 0 sec
2019-01-23 17:25:21,585 [Worker-16: Building workspace] INFO  o.e.m.c.i.embedder.EclipseLogger - Using 'UTF-8' encoding to copy filtered resources.
2019-01-23 17:25:21,590 [Worker-16: Building workspace] INFO  o.e.m.c.i.embedder.EclipseLogger - skip non existing resourceDirectory C:\Users\USER\Documents\workspace-spring-tool-suite-4-4.1.0.RELEASE\Test2\src\main\resources
2019-01-23 17:25:21,596 [Worker-16: Building workspace] INFO  o.e.m.c.i.embedder.EclipseLogger - Using 'UTF-8' encoding to copy filtered resources.
2019-01-23 17:25:21,604 [Worker-16: Building workspace] INFO  o.e.m.c.i.embedder.EclipseLogger - skip non existing resourceDirectory C:\Users\USER\Documents\workspace-spring-tool-suite-4-4.1.0.RELEASE\Test2\src\test\resources
2019-01-23 17:46:33,324 [Worker-13: Building workspace] INFO  o.e.m.c.i.embedder.EclipseLogger - Using 'UTF-8' encoding to copy filtered resources.
2019-01-23 17:46:33,324 [Worker-13: Building workspace] INFO  o.e.m.c.i.embedder.EclipseLogger - skip non existing resourceDirectory C:\Users\USER\Documents\workspace-spring-tool-suite-4-4.1.0.RELEASE\Test2\src\main\resources
2019-01-23 17:46:33,326 [Worker-13: Building workspace] INFO  o.e.m.c.i.embedder.EclipseLogger - Using 'UTF-8' encoding to copy filtered resources.
2019-01-23 17:46:33,335 [Worker-13: Building workspace] INFO  o.e.m.c.i.embedder.EclipseLogger - skip non existing resourceDirectory C:\Users\USER\Documents\workspace-spring-tool-suite-4-4.1.0.RELEASE\Test2\src\test\resources
2019-01-23 17:48:02,661 [Worker-23: Building workspace] INFO  o.e.m.c.i.embedder.EclipseLogger - Using 'UTF-8' encoding to copy filtered resources.
2019-01-23 17:48:02,675 [Worker-23: Building workspace] INFO  o.e.m.c.i.embedder.EclipseLogger - skip non existing resourceDirectory C:\Users\USER\Documents\workspace-spring-tool-suite-4-4.1.0.RELEASE\Test\src\main\resources
2019-01-23 17:48:02,687 [Worker-23: Building workspace] INFO  o.e.m.c.i.embedder.EclipseLogger - Using 'UTF-8' encoding to copy filtered resources.
2019-01-23 17:48:02,697 [Worker-23: Building workspace] INFO  o.e.m.c.i.embedder.EclipseLogger - skip non existing resourceDirectory C:\Users\USER\Documents\workspace-spring-tool-suite-4-4.1.0.RELEASE\Test\src\test\resources
2019-01-23 17:48:36,290 [Worker-22: Building workspace] INFO  o.e.m.c.i.embedder.EclipseLogger - Using 'UTF-8' encoding to copy filtered resources.
2019-01-23 17:48:36,291 [Worker-22: Building workspace] INFO  o.e.m.c.i.embedder.EclipseLogger - skip non existing resourceDirectory C:\Users\USER\Documents\workspace-spring-tool-suite-4-4.1.0.RELEASE\Test\src\main\resources
2019-01-23 17:48:36,292 [Worker-22: Building workspace] INFO  o.e.m.c.i.embedder.EclipseLogger - Using 'UTF-8' encoding to copy filtered resources.
2019-01-23 17:48:36,357 [Worker-22: Building workspace] INFO  o.e.m.c.i.embedder.EclipseLogger - skip non existing resourceDirectory C:\Users\USER\Documents\workspace-spring-tool-suite-4-4.1.0.RELEASE\Test\src\test\resources
2019-01-23 17:48:45,907 [Worker-23: Building workspace] INFO  o.e.m.c.i.embedder.EclipseLogger - Using 'UTF-8' encoding to copy filtered resources.
2019-01-23 17:48:45,916 [Worker-23: Building workspace] INFO  o.e.m.c.i.embedder.EclipseLogger - skip non existing resourceDirectory C:\Users\USER\Documents\workspace-spring-tool-suite-4-4.1.0.RELEASE\Test\src\main\resources
2019-01-23 17:48:45,926 [Worker-23: Building workspace] INFO  o.e.m.c.i.embedder.EclipseLogger - Using 'UTF-8' encoding to copy filtered resources.
2019-01-23 17:48:45,940 [Worker-23: Building workspace] INFO  o.e.m.c.i.embedder.EclipseLogger - skip non existing resourceDirectory C:\Users\USER\Documents\workspace-spring-tool-suite-4-4.1.0.RELEASE\Test\src\test\resources
2019-01-23 17:51:00,563 [Worker-22: Building workspace] INFO  o.e.m.c.i.embedder.EclipseLogger - Using 'UTF-8' encoding to copy filtered resources.
2019-01-23 17:51:00,564 [Worker-22: Building workspace] INFO  o.e.m.c.i.embedder.EclipseLogger - skip non existing resourceDirectory C:\Users\USER\Documents\workspace-spring-tool-suite-4-4.1.0.RELEASE\Test2\src\main\resources
2019-01-23 17:51:00,566 [Worker-22: Building workspace] INFO  o.e.m.c.i.embedder.EclipseLogger - Using 'UTF-8' encoding to copy filtered resources.
2019-01-23 17:51:00,572 [Worker-22: Building workspace] INFO  o.e.m.c.i.embedder.EclipseLogger - skip non existing resourceDirectory C:\Users\USER\Documents\workspace-spring-tool-suite-4-4.1.0.RELEASE\Test2\src\test\resources
2019-01-23 17:51:55,065 [Worker-23: Building workspace] INFO  o.e.m.c.i.embedder.EclipseLogger - Using 'UTF-8' encoding to copy filtered resources.
2019-01-23 17:51:55,072 [Worker-23: Building workspace] INFO  o.e.m.c.i.embedder.EclipseLogger - skip non existing resourceDirectory C:\Users\USER\Documents\workspace-spring-tool-suite-4-4.1.0.RELEASE\Test2\src\main\resources
2019-01-23 17:51:55,078 [Worker-23: Building workspace] INFO  o.e.m.c.i.embedder.EclipseLogger - Using 'UTF-8' encoding to copy filtered resources.
2019-01-23 17:51:55,086 [Worker-23: Building workspace] INFO  o.e.m.c.i.embedder.EclipseLogger - skip non existing resourceDirectory C:\Users\USER\Documents\workspace-spring-tool-suite-4-4.1.0.RELEASE\Test2\src\test\resources
2019-01-23 17:52:13,011 [Worker-22: Building workspace] INFO  o.e.m.c.i.embedder.EclipseLogger - Using 'UTF-8' encoding to copy filtered resources.
2019-01-23 17:52:13,012 [Worker-22: Building workspace] INFO  o.e.m.c.i.embedder.EclipseLogger - skip non existing resourceDirectory C:\Users\USER\Documents\workspace-spring-tool-suite-4-4.1.0.RELEASE\Test\src\main\resources
2019-01-23 17:52:13,013 [Worker-22: Building workspace] INFO  o.e.m.c.i.embedder.EclipseLogger - Using 'UTF-8' encoding to copy filtered resources.
2019-01-23 17:52:13,021 [Worker-22: Building workspace] INFO  o.e.m.c.i.embedder.EclipseLogger - skip non existing resourceDirectory C:\Users\USER\Documents\workspace-spring-tool-suite-4-4.1.0.RELEASE\Test\src\test\resources
2019-01-23 17:54:42,802 [Worker-29: Building workspace] INFO  o.e.m.c.i.embedder.EclipseLogger - Using 'UTF-8' encoding to copy filtered resources.
2019-01-23 17:54:42,810 [Worker-29: Building workspace] INFO  o.e.m.c.i.embedder.EclipseLogger - skip non existing resourceDirectory C:\Users\USER\Documents\workspace-spring-tool-suite-4-4.1.0.RELEASE\Test2\src\main\resources
2019-01-23 17:54:42,818 [Worker-29: Building workspace] INFO  o.e.m.c.i.embedder.EclipseLogger - Using 'UTF-8' encoding to copy filtered resources.
2019-01-23 17:54:42,824 [Worker-29: Building workspace] INFO  o.e.m.c.i.embedder.EclipseLogger - skip non existing resourceDirectory C:\Users\USER\Documents\workspace-spring-tool-suite-4-4.1.0.RELEASE\Test2\src\test\resources
2019-01-23 17:54:46,861 [Worker-13: Building workspace] INFO  o.e.m.c.i.embedder.EclipseLogger - Using 'UTF-8' encoding to copy filtered resources.
2019-01-23 17:54:46,862 [Worker-13: Building workspace] INFO  o.e.m.c.i.embedder.EclipseLogger - skip non existing resourceDirectory C:\Users\USER\Documents\workspace-spring-tool-suite-4-4.1.0.RELEASE\Test\src\main\resources
2019-01-23 17:54:46,862 [Worker-13: Building workspace] INFO  o.e.m.c.i.embedder.EclipseLogger - Using 'UTF-8' encoding to copy filtered resources.
2019-01-23 17:54:46,870 [Worker-13: Building workspace] INFO  o.e.m.c.i.embedder.EclipseLogger - skip non existing resourceDirectory C:\Users\USER\Documents\workspace-spring-tool-suite-4-4.1.0.RELEASE\Test\src\test\resources
2019-01-23 17:56:27,357 [Worker-23: Building workspace] INFO  o.e.m.c.i.embedder.EclipseLogger - Using 'UTF-8' encoding to copy filtered resources.
2019-01-23 17:56:27,367 [Worker-23: Building workspace] INFO  o.e.m.c.i.embedder.EclipseLogger - skip non existing resourceDirectory C:\Users\USER\Documents\workspace-spring-tool-suite-4-4.1.0.RELEASE\Test\src\main\resources
2019-01-23 17:56:27,372 [Worker-23: Building workspace] INFO  o.e.m.c.i.embedder.EclipseLogger - Using 'UTF-8' encoding to copy filtered resources.
2019-01-23 17:56:27,377 [Worker-23: Building workspace] INFO  o.e.m.c.i.embedder.EclipseLogger - skip non existing resourceDirectory C:\Users\USER\Documents\workspace-spring-tool-suite-4-4.1.0.RELEASE\Test\src\test\resources
2019-01-23 17:56:47,689 [Worker-22: Building workspace] INFO  o.e.m.c.i.embedder.EclipseLogger - Using 'UTF-8' encoding to copy filtered resources.
2019-01-23 17:56:47,689 [Worker-22: Building workspace] INFO  o.e.m.c.i.embedder.EclipseLogger - skip non existing resourceDirectory C:\Users\USER\Documents\workspace-spring-tool-suite-4-4.1.0.RELEASE\Test2\src\main\resources
2019-01-23 17:56:47,690 [Worker-22: Building workspace] INFO  o.e.m.c.i.embedder.EclipseLogger - Using 'UTF-8' encoding to copy filtered resources.
2019-01-23 17:56:47,698 [Worker-22: Building workspace] INFO  o.e.m.c.i.embedder.EclipseLogger - skip non existing resourceDirectory C:\Users\USER\Documents\workspace-spring-tool-suite-4-4.1.0.RELEASE\Test2\src\test\resources
2019-01-23 17:59:06,788 [Worker-32: Building workspace] INFO  o.e.m.c.i.embedder.EclipseLogger - Using 'UTF-8' encoding to copy filtered resources.
2019-01-23 17:59:06,793 [Worker-32: Building workspace] INFO  o.e.m.c.i.embedder.EclipseLogger - skip non existing resourceDirectory C:\Users\USER\Documents\workspace-spring-tool-suite-4-4.1.0.RELEASE\Test2\src\main\resources
2019-01-23 17:59:06,797 [Worker-32: Building workspace] INFO  o.e.m.c.i.embedder.EclipseLogger - Using 'UTF-8' encoding to copy filtered resources.
2019-01-23 17:59:06,802 [Worker-32: Building workspace] INFO  o.e.m.c.i.embedder.EclipseLogger - skip non existing resourceDirectory C:\Users\USER\Documents\workspace-spring-tool-suite-4-4.1.0.RELEASE\Test2\src\test\resources
2019-01-23 18:00:18,971 [Worker-30: Updating Maven Dependencies] ERROR o.e.m.j.i.l.MavenLaunchConfigurationListener - Launch configuration App references non-existing project abs.
org.eclipse.core.runtime.CoreException: Launch configuration App references non-existing project abs.
	at org.eclipse.jdt.launching.JavaRuntime.abort(JavaRuntime.java:1838) ~[org.eclipse.jdt.launching_3.12.0.v20181119-1621.jar:na]
	at org.eclipse.jdt.launching.JavaRuntime.getJavaProject(JavaRuntime.java:1713) ~[org.eclipse.jdt.launching_3.12.0.v20181119-1621.jar:na]
	at org.eclipse.m2e.jdt.internal.launch.MavenLaunchConfigurationListener.updateLaunchConfiguration(MavenLaunchConfigurationListener.java:53) [org.eclipse.m2e.jdt_1.10.0.20181127-2120.jar:na]
	at org.eclipse.m2e.jdt.internal.launch.MavenLaunchConfigurationListener.launchConfigurationChanged(MavenLaunchConfigurationListener.java:38) [org.eclipse.m2e.jdt_1.10.0.20181127-2120.jar:na]
	at org.eclipse.debug.internal.core.LaunchManager$ConfigurationNotifier.run(LaunchManager.java:225) [org.eclipse.debug.core_3.13.100.v20181201-1650.jar:na]
	at org.eclipse.core.runtime.SafeRunner.run(SafeRunner.java:45) [org.eclipse.equinox.common_3.10.200.v20181021-1645.jar:na]
	at org.eclipse.debug.internal.core.LaunchManager$ConfigurationNotifier.notify(LaunchManager.java:209) [org.eclipse.debug.core_3.13.100.v20181201-1650.jar:na]
	at org.eclipse.debug.internal.core.LaunchConfigurationWorkingCopy.setDirty(LaunchConfigurationWorkingCopy.java:528) [org.eclipse.debug.core_3.13.100.v20181201-1650.jar:na]
	at org.eclipse.debug.internal.core.LaunchConfigurationWorkingCopy.setAttribute(LaunchConfigurationWorkingCopy.java:416) [org.eclipse.debug.core_3.13.100.v20181201-1650.jar:na]
	at org.eclipse.m2e.jdt.internal.launch.MavenRuntimeClasspathProvider.disable(MavenRuntimeClasspathProvider.java:352) [org.eclipse.m2e.jdt_1.10.0.20181127-2120.jar:na]
	at org.eclipse.m2e.jdt.internal.launch.MavenRuntimeClasspathProvider.disable(MavenRuntimeClasspathProvider.java:378) [org.eclipse.m2e.jdt_1.10.0.20181127-2120.jar:na]
	at org.eclipse.m2e.jdt.internal.launch.MavenLaunchConfigurationListener.mavenProjectChanged(MavenLaunchConfigurationListener.java:70) [org.eclipse.m2e.jdt_1.10.0.20181127-2120.jar:na]
	at org.eclipse.m2e.core.internal.project.registry.ProjectRegistryManager.notifyProjectChangeListeners(ProjectRegistryManager.java:777) [org.eclipse.m2e.core_1.10.0.20181127-2120.jar:na]
	at org.eclipse.m2e.core.internal.project.registry.ProjectRegistryManager.applyMutableProjectRegistry(ProjectRegistryManager.java:921) [org.eclipse.m2e.core_1.10.0.20181127-2120.jar:na]
	at org.eclipse.m2e.core.internal.project.registry.ProjectRegistryRefreshJob$1.call(ProjectRegistryRefreshJob.java:98) [org.eclipse.m2e.core_1.10.0.20181127-2120.jar:na]
	at org.eclipse.m2e.core.internal.project.registry.ProjectRegistryRefreshJob$1.call(ProjectRegistryRefreshJob.java:1) [org.eclipse.m2e.core_1.10.0.20181127-2120.jar:na]
	at org.eclipse.m2e.core.internal.embedder.MavenExecutionContext.executeBare(MavenExecutionContext.java:177) [org.eclipse.m2e.core_1.10.0.20181127-2120.jar:na]
	at org.eclipse.m2e.core.internal.embedder.MavenExecutionContext.execute(MavenExecutionContext.java:151) [org.eclipse.m2e.core_1.10.0.20181127-2120.jar:na]
	at org.eclipse.m2e.core.internal.embedder.MavenExecutionContext.execute(MavenExecutionContext.java:99) [org.eclipse.m2e.core_1.10.0.20181127-2120.jar:na]
	at org.eclipse.m2e.core.internal.embedder.MavenImpl.execute(MavenImpl.java:1336) [org.eclipse.m2e.core_1.10.0.20181127-2120.jar:na]
	at org.eclipse.m2e.core.internal.project.registry.ProjectRegistryRefreshJob.run(ProjectRegistryRefreshJob.java:81) [org.eclipse.m2e.core_1.10.0.20181127-2120.jar:na]
	at org.eclipse.core.internal.jobs.Worker.run(Worker.java:63) [org.eclipse.core.jobs_3.10.200.v20180912-1356.jar:na]
2019-01-23 18:00:18,979 [Worker-30: Updating Maven Dependencies] ERROR o.e.m.j.i.l.MavenLaunchConfigurationListener - Launch configuration App references non-existing project abs.
org.eclipse.core.runtime.CoreException: Launch configuration App references non-existing project abs.
	at org.eclipse.jdt.launching.JavaRuntime.abort(JavaRuntime.java:1838) ~[org.eclipse.jdt.launching_3.12.0.v20181119-1621.jar:na]
	at org.eclipse.jdt.launching.JavaRuntime.getJavaProject(JavaRuntime.java:1713) ~[org.eclipse.jdt.launching_3.12.0.v20181119-1621.jar:na]
	at org.eclipse.m2e.jdt.internal.launch.MavenLaunchConfigurationListener.updateLaunchConfiguration(MavenLaunchConfigurationListener.java:53) [org.eclipse.m2e.jdt_1.10.0.20181127-2120.jar:na]
	at org.eclipse.m2e.jdt.internal.launch.MavenLaunchConfigurationListener.launchConfigurationChanged(MavenLaunchConfigurationListener.java:38) [org.eclipse.m2e.jdt_1.10.0.20181127-2120.jar:na]
	at org.eclipse.debug.internal.core.LaunchManager$ConfigurationNotifier.run(LaunchManager.java:225) [org.eclipse.debug.core_3.13.100.v20181201-1650.jar:na]
	at org.eclipse.core.runtime.SafeRunner.run(SafeRunner.java:45) [org.eclipse.equinox.common_3.10.200.v20181021-1645.jar:na]
	at org.eclipse.debug.internal.core.LaunchManager$ConfigurationNotifier.notify(LaunchManager.java:209) [org.eclipse.debug.core_3.13.100.v20181201-1650.jar:na]
	at org.eclipse.debug.internal.core.LaunchConfigurationWorkingCopy.setDirty(LaunchConfigurationWorkingCopy.java:528) [org.eclipse.debug.core_3.13.100.v20181201-1650.jar:na]
	at org.eclipse.debug.internal.core.LaunchConfigurationWorkingCopy.setAttribute(LaunchConfigurationWorkingCopy.java:416) [org.eclipse.debug.core_3.13.100.v20181201-1650.jar:na]
	at org.eclipse.m2e.jdt.internal.launch.MavenRuntimeClasspathProvider.disable(MavenRuntimeClasspathProvider.java:353) [org.eclipse.m2e.jdt_1.10.0.20181127-2120.jar:na]
	at org.eclipse.m2e.jdt.internal.launch.MavenRuntimeClasspathProvider.disable(MavenRuntimeClasspathProvider.java:378) [org.eclipse.m2e.jdt_1.10.0.20181127-2120.jar:na]
	at org.eclipse.m2e.jdt.internal.launch.MavenLaunchConfigurationListener.mavenProjectChanged(MavenLaunchConfigurationListener.java:70) [org.eclipse.m2e.jdt_1.10.0.20181127-2120.jar:na]
	at org.eclipse.m2e.core.internal.project.registry.ProjectRegistryManager.notifyProjectChangeListeners(ProjectRegistryManager.java:777) [org.eclipse.m2e.core_1.10.0.20181127-2120.jar:na]
	at org.eclipse.m2e.core.internal.project.registry.ProjectRegistryManager.applyMutableProjectRegistry(ProjectRegistryManager.java:921) [org.eclipse.m2e.core_1.10.0.20181127-2120.jar:na]
	at org.eclipse.m2e.core.internal.project.registry.ProjectRegistryRefreshJob$1.call(ProjectRegistryRefreshJob.java:98) [org.eclipse.m2e.core_1.10.0.20181127-2120.jar:na]
	at org.eclipse.m2e.core.internal.project.registry.ProjectRegistryRefreshJob$1.call(ProjectRegistryRefreshJob.java:1) [org.eclipse.m2e.core_1.10.0.20181127-2120.jar:na]
	at org.eclipse.m2e.core.internal.embedder.MavenExecutionContext.executeBare(MavenExecutionContext.java:177) [org.eclipse.m2e.core_1.10.0.20181127-2120.jar:na]
	at org.eclipse.m2e.core.internal.embedder.MavenExecutionContext.execute(MavenExecutionContext.java:151) [org.eclipse.m2e.core_1.10.0.20181127-2120.jar:na]
	at org.eclipse.m2e.core.internal.embedder.MavenExecutionContext.execute(MavenExecutionContext.java:99) [org.eclipse.m2e.core_1.10.0.20181127-2120.jar:na]
	at org.eclipse.m2e.core.internal.embedder.MavenImpl.execute(MavenImpl.java:1336) [org.eclipse.m2e.core_1.10.0.20181127-2120.jar:na]
	at org.eclipse.m2e.core.internal.project.registry.ProjectRegistryRefreshJob.run(ProjectRegistryRefreshJob.java:81) [org.eclipse.m2e.core_1.10.0.20181127-2120.jar:na]
	at org.eclipse.core.internal.jobs.Worker.run(Worker.java:63) [org.eclipse.core.jobs_3.10.200.v20180912-1356.jar:na]
2019-01-23 18:00:18,994 [Worker-30: Updating Maven Dependencies] ERROR o.e.m.j.i.l.MavenLaunchConfigurationListener - Launch configuration App references non-existing project abs.
org.eclipse.core.runtime.CoreException: Launch configuration App references non-existing project abs.
	at org.eclipse.jdt.launching.JavaRuntime.abort(JavaRuntime.java:1838) ~[org.eclipse.jdt.launching_3.12.0.v20181119-1621.jar:na]
	at org.eclipse.jdt.launching.JavaRuntime.getJavaProject(JavaRuntime.java:1713) ~[org.eclipse.jdt.launching_3.12.0.v20181119-1621.jar:na]
	at org.eclipse.m2e.jdt.internal.launch.MavenLaunchConfigurationListener.updateLaunchConfiguration(MavenLaunchConfigurationListener.java:53) [org.eclipse.m2e.jdt_1.10.0.20181127-2120.jar:na]
	at org.eclipse.m2e.jdt.internal.launch.MavenLaunchConfigurationListener.launchConfigurationChanged(MavenLaunchConfigurationListener.java:38) [org.eclipse.m2e.jdt_1.10.0.20181127-2120.jar:na]
	at org.eclipse.debug.internal.core.LaunchManager$ConfigurationNotifier.run(LaunchManager.java:225) [org.eclipse.debug.core_3.13.100.v20181201-1650.jar:na]
	at org.eclipse.core.runtime.SafeRunner.run(SafeRunner.java:45) [org.eclipse.equinox.common_3.10.200.v20181021-1645.jar:na]
	at org.eclipse.debug.internal.core.LaunchManager$ConfigurationNotifier.notify(LaunchManager.java:209) [org.eclipse.debug.core_3.13.100.v20181201-1650.jar:na]
	at org.eclipse.debug.internal.core.LaunchManager.launchConfigurationChanged(LaunchManager.java:2151) [org.eclipse.debug.core_3.13.100.v20181201-1650.jar:na]
	at org.eclipse.debug.internal.core.LaunchConfigurationWorkingCopy.writeNewFile(LaunchConfigurationWorkingCopy.java:381) [org.eclipse.debug.core_3.13.100.v20181201-1650.jar:na]
	at org.eclipse.debug.internal.core.LaunchConfigurationWorkingCopy.doSave0(LaunchConfigurationWorkingCopy.java:258) [org.eclipse.debug.core_3.13.100.v20181201-1650.jar:na]
	at org.eclipse.debug.internal.core.LaunchConfigurationWorkingCopy.doSave(LaunchConfigurationWorkingCopy.java:228) [org.eclipse.debug.core_3.13.100.v20181201-1650.jar:na]
	at org.eclipse.debug.internal.core.LaunchConfigurationWorkingCopy.doSave(LaunchConfigurationWorkingCopy.java:186) [org.eclipse.debug.core_3.13.100.v20181201-1650.jar:na]
	at org.eclipse.m2e.jdt.internal.launch.MavenRuntimeClasspathProvider.disable(MavenRuntimeClasspathProvider.java:354) [org.eclipse.m2e.jdt_1.10.0.20181127-2120.jar:na]
	at org.eclipse.m2e.jdt.internal.launch.MavenRuntimeClasspathProvider.disable(MavenRuntimeClasspathProvider.java:378) [org.eclipse.m2e.jdt_1.10.0.20181127-2120.jar:na]
	at org.eclipse.m2e.jdt.internal.launch.MavenLaunchConfigurationListener.mavenProjectChanged(MavenLaunchConfigurationListener.java:70) [org.eclipse.m2e.jdt_1.10.0.20181127-2120.jar:na]
	at org.eclipse.m2e.core.internal.project.registry.ProjectRegistryManager.notifyProjectChangeListeners(ProjectRegistryManager.java:777) [org.eclipse.m2e.core_1.10.0.20181127-2120.jar:na]
	at org.eclipse.m2e.core.internal.project.registry.ProjectRegistryManager.applyMutableProjectRegistry(ProjectRegistryManager.java:921) [org.eclipse.m2e.core_1.10.0.20181127-2120.jar:na]
	at org.eclipse.m2e.core.internal.project.registry.ProjectRegistryRefreshJob$1.call(ProjectRegistryRefreshJob.java:98) [org.eclipse.m2e.core_1.10.0.20181127-2120.jar:na]
	at org.eclipse.m2e.core.internal.project.registry.ProjectRegistryRefreshJob$1.call(ProjectRegistryRefreshJob.java:1) [org.eclipse.m2e.core_1.10.0.20181127-2120.jar:na]
	at org.eclipse.m2e.core.internal.embedder.MavenExecutionContext.executeBare(MavenExecutionContext.java:177) [org.eclipse.m2e.core_1.10.0.20181127-2120.jar:na]
	at org.eclipse.m2e.core.internal.embedder.MavenExecutionContext.execute(MavenExecutionContext.java:151) [org.eclipse.m2e.core_1.10.0.20181127-2120.jar:na]
	at org.eclipse.m2e.core.internal.embedder.MavenExecutionContext.execute(MavenExecutionContext.java:99) [org.eclipse.m2e.core_1.10.0.20181127-2120.jar:na]
	at org.eclipse.m2e.core.internal.embedder.MavenImpl.execute(MavenImpl.java:1336) [org.eclipse.m2e.core_1.10.0.20181127-2120.jar:na]
	at org.eclipse.m2e.core.internal.project.registry.ProjectRegistryRefreshJob.run(ProjectRegistryRefreshJob.java:81) [org.eclipse.m2e.core_1.10.0.20181127-2120.jar:na]
	at org.eclipse.core.internal.jobs.Worker.run(Worker.java:63) [org.eclipse.core.jobs_3.10.200.v20180912-1356.jar:na]
2019-01-23 18:00:24,281 [Worker-32: Updating Maven Dependencies] ERROR o.e.m.j.i.l.MavenLaunchConfigurationListener - Launch configuration App (1) references non-existing project Test.
org.eclipse.core.runtime.CoreException: Launch configuration App (1) references non-existing project Test.
	at org.eclipse.jdt.launching.JavaRuntime.abort(JavaRuntime.java:1838) ~[org.eclipse.jdt.launching_3.12.0.v20181119-1621.jar:na]
	at org.eclipse.jdt.launching.JavaRuntime.getJavaProject(JavaRuntime.java:1713) ~[org.eclipse.jdt.launching_3.12.0.v20181119-1621.jar:na]
	at org.eclipse.m2e.jdt.internal.launch.MavenLaunchConfigurationListener.updateLaunchConfiguration(MavenLaunchConfigurationListener.java:53) [org.eclipse.m2e.jdt_1.10.0.20181127-2120.jar:na]
	at org.eclipse.m2e.jdt.internal.launch.MavenLaunchConfigurationListener.launchConfigurationChanged(MavenLaunchConfigurationListener.java:38) [org.eclipse.m2e.jdt_1.10.0.20181127-2120.jar:na]
	at org.eclipse.debug.internal.core.LaunchManager$ConfigurationNotifier.run(LaunchManager.java:225) [org.eclipse.debug.core_3.13.100.v20181201-1650.jar:na]
	at org.eclipse.core.runtime.SafeRunner.run(SafeRunner.java:45) [org.eclipse.equinox.common_3.10.200.v20181021-1645.jar:na]
	at org.eclipse.debug.internal.core.LaunchManager$ConfigurationNotifier.notify(LaunchManager.java:209) [org.eclipse.debug.core_3.13.100.v20181201-1650.jar:na]
	at org.eclipse.debug.internal.core.LaunchConfigurationWorkingCopy.setDirty(LaunchConfigurationWorkingCopy.java:528) [org.eclipse.debug.core_3.13.100.v20181201-1650.jar:na]
	at org.eclipse.debug.internal.core.LaunchConfigurationWorkingCopy.setAttribute(LaunchConfigurationWorkingCopy.java:416) [org.eclipse.debug.core_3.13.100.v20181201-1650.jar:na]
	at org.eclipse.m2e.jdt.internal.launch.MavenRuntimeClasspathProvider.disable(MavenRuntimeClasspathProvider.java:352) [org.eclipse.m2e.jdt_1.10.0.20181127-2120.jar:na]
	at org.eclipse.m2e.jdt.internal.launch.MavenRuntimeClasspathProvider.disable(MavenRuntimeClasspathProvider.java:378) [org.eclipse.m2e.jdt_1.10.0.20181127-2120.jar:na]
	at org.eclipse.m2e.jdt.internal.launch.MavenLaunchConfigurationListener.mavenProjectChanged(MavenLaunchConfigurationListener.java:70) [org.eclipse.m2e.jdt_1.10.0.20181127-2120.jar:na]
	at org.eclipse.m2e.core.internal.project.registry.ProjectRegistryManager.notifyProjectChangeListeners(ProjectRegistryManager.java:777) [org.eclipse.m2e.core_1.10.0.20181127-2120.jar:na]
	at org.eclipse.m2e.core.internal.project.registry.ProjectRegistryManager.applyMutableProjectRegistry(ProjectRegistryManager.java:921) [org.eclipse.m2e.core_1.10.0.20181127-2120.jar:na]
	at org.eclipse.m2e.core.internal.project.registry.ProjectRegistryRefreshJob$1.call(ProjectRegistryRefreshJob.java:98) [org.eclipse.m2e.core_1.10.0.20181127-2120.jar:na]
	at org.eclipse.m2e.core.internal.project.registry.ProjectRegistryRefreshJob$1.call(ProjectRegistryRefreshJob.java:1) [org.eclipse.m2e.core_1.10.0.20181127-2120.jar:na]
	at org.eclipse.m2e.core.internal.embedder.MavenExecutionContext.executeBare(MavenExecutionContext.java:177) [org.eclipse.m2e.core_1.10.0.20181127-2120.jar:na]
	at org.eclipse.m2e.core.internal.embedder.MavenExecutionContext.execute(MavenExecutionContext.java:151) [org.eclipse.m2e.core_1.10.0.20181127-2120.jar:na]
	at org.eclipse.m2e.core.internal.embedder.MavenExecutionContext.execute(MavenExecutionContext.java:99) [org.eclipse.m2e.core_1.10.0.20181127-2120.jar:na]
	at org.eclipse.m2e.core.internal.embedder.MavenImpl.execute(MavenImpl.java:1336) [org.eclipse.m2e.core_1.10.0.20181127-2120.jar:na]
	at org.eclipse.m2e.core.internal.project.registry.ProjectRegistryRefreshJob.run(ProjectRegistryRefreshJob.java:81) [org.eclipse.m2e.core_1.10.0.20181127-2120.jar:na]
	at org.eclipse.core.internal.jobs.Worker.run(Worker.java:63) [org.eclipse.core.jobs_3.10.200.v20180912-1356.jar:na]
2019-01-23 18:00:24,302 [Worker-32: Updating Maven Dependencies] ERROR o.e.m.j.i.l.MavenLaunchConfigurationListener - Launch configuration App (1) references non-existing project Test.
org.eclipse.core.runtime.CoreException: Launch configuration App (1) references non-existing project Test.
	at org.eclipse.jdt.launching.JavaRuntime.abort(JavaRuntime.java:1838) ~[org.eclipse.jdt.launching_3.12.0.v20181119-1621.jar:na]
	at org.eclipse.jdt.launching.JavaRuntime.getJavaProject(JavaRuntime.java:1713) ~[org.eclipse.jdt.launching_3.12.0.v20181119-1621.jar:na]
	at org.eclipse.m2e.jdt.internal.launch.MavenLaunchConfigurationListener.updateLaunchConfiguration(MavenLaunchConfigurationListener.java:53) [org.eclipse.m2e.jdt_1.10.0.20181127-2120.jar:na]
	at org.eclipse.m2e.jdt.internal.launch.MavenLaunchConfigurationListener.launchConfigurationChanged(MavenLaunchConfigurationListener.java:38) [org.eclipse.m2e.jdt_1.10.0.20181127-2120.jar:na]
	at org.eclipse.debug.internal.core.LaunchManager$ConfigurationNotifier.run(LaunchManager.java:225) [org.eclipse.debug.core_3.13.100.v20181201-1650.jar:na]
	at org.eclipse.core.runtime.SafeRunner.run(SafeRunner.java:45) [org.eclipse.equinox.common_3.10.200.v20181021-1645.jar:na]
	at org.eclipse.debug.internal.core.LaunchManager$ConfigurationNotifier.notify(LaunchManager.java:209) [org.eclipse.debug.core_3.13.100.v20181201-1650.jar:na]
	at org.eclipse.debug.internal.core.LaunchConfigurationWorkingCopy.setDirty(LaunchConfigurationWorkingCopy.java:528) [org.eclipse.debug.core_3.13.100.v20181201-1650.jar:na]
	at org.eclipse.debug.internal.core.LaunchConfigurationWorkingCopy.setAttribute(LaunchConfigurationWorkingCopy.java:416) [org.eclipse.debug.core_3.13.100.v20181201-1650.jar:na]
	at org.eclipse.m2e.jdt.internal.launch.MavenRuntimeClasspathProvider.disable(MavenRuntimeClasspathProvider.java:353) [org.eclipse.m2e.jdt_1.10.0.20181127-2120.jar:na]
	at org.eclipse.m2e.jdt.internal.launch.MavenRuntimeClasspathProvider.disable(MavenRuntimeClasspathProvider.java:378) [org.eclipse.m2e.jdt_1.10.0.20181127-2120.jar:na]
	at org.eclipse.m2e.jdt.internal.launch.MavenLaunchConfigurationListener.mavenProjectChanged(MavenLaunchConfigurationListener.java:70) [org.eclipse.m2e.jdt_1.10.0.20181127-2120.jar:na]
	at org.eclipse.m2e.core.internal.project.registry.ProjectRegistryManager.notifyProjectChangeListeners(ProjectRegistryManager.java:777) [org.eclipse.m2e.core_1.10.0.20181127-2120.jar:na]
	at org.eclipse.m2e.core.internal.project.registry.ProjectRegistryManager.applyMutableProjectRegistry(ProjectRegistryManager.java:921) [org.eclipse.m2e.core_1.10.0.20181127-2120.jar:na]
	at org.eclipse.m2e.core.internal.project.registry.ProjectRegistryRefreshJob$1.call(ProjectRegistryRefreshJob.java:98) [org.eclipse.m2e.core_1.10.0.20181127-2120.jar:na]
	at org.eclipse.m2e.core.internal.project.registry.ProjectRegistryRefreshJob$1.call(ProjectRegistryRefreshJob.java:1) [org.eclipse.m2e.core_1.10.0.20181127-2120.jar:na]
	at org.eclipse.m2e.core.internal.embedder.MavenExecutionContext.executeBare(MavenExecutionContext.java:177) [org.eclipse.m2e.core_1.10.0.20181127-2120.jar:na]
	at org.eclipse.m2e.core.internal.embedder.MavenExecutionContext.execute(MavenExecutionContext.java:151) [org.eclipse.m2e.core_1.10.0.20181127-2120.jar:na]
	at org.eclipse.m2e.core.internal.embedder.MavenExecutionContext.execute(MavenExecutionContext.java:99) [org.eclipse.m2e.core_1.10.0.20181127-2120.jar:na]
	at org.eclipse.m2e.core.internal.embedder.MavenImpl.execute(MavenImpl.java:1336) [org.eclipse.m2e.core_1.10.0.20181127-2120.jar:na]
	at org.eclipse.m2e.core.internal.project.registry.ProjectRegistryRefreshJob.run(ProjectRegistryRefreshJob.java:81) [org.eclipse.m2e.core_1.10.0.20181127-2120.jar:na]
	at org.eclipse.core.internal.jobs.Worker.run(Worker.java:63) [org.eclipse.core.jobs_3.10.200.v20180912-1356.jar:na]
2019-01-23 18:00:24,323 [Worker-32: Updating Maven Dependencies] ERROR o.e.m.j.i.l.MavenLaunchConfigurationListener - Launch configuration App (1) references non-existing project Test.
org.eclipse.core.runtime.CoreException: Launch configuration App (1) references non-existing project Test.
	at org.eclipse.jdt.launching.JavaRuntime.abort(JavaRuntime.java:1838) ~[org.eclipse.jdt.launching_3.12.0.v20181119-1621.jar:na]
	at org.eclipse.jdt.launching.JavaRuntime.getJavaProject(JavaRuntime.java:1713) ~[org.eclipse.jdt.launching_3.12.0.v20181119-1621.jar:na]
	at org.eclipse.m2e.jdt.internal.launch.MavenLaunchConfigurationListener.updateLaunchConfiguration(MavenLaunchConfigurationListener.java:53) [org.eclipse.m2e.jdt_1.10.0.20181127-2120.jar:na]
	at org.eclipse.m2e.jdt.internal.launch.MavenLaunchConfigurationListener.launchConfigurationChanged(MavenLaunchConfigurationListener.java:38) [org.eclipse.m2e.jdt_1.10.0.20181127-2120.jar:na]
	at org.eclipse.debug.internal.core.LaunchManager$ConfigurationNotifier.run(LaunchManager.java:225) [org.eclipse.debug.core_3.13.100.v20181201-1650.jar:na]
	at org.eclipse.core.runtime.SafeRunner.run(SafeRunner.java:45) [org.eclipse.equinox.common_3.10.200.v20181021-1645.jar:na]
	at org.eclipse.debug.internal.core.LaunchManager$ConfigurationNotifier.notify(LaunchManager.java:209) [org.eclipse.debug.core_3.13.100.v20181201-1650.jar:na]
	at org.eclipse.debug.internal.core.LaunchManager.launchConfigurationChanged(LaunchManager.java:2151) [org.eclipse.debug.core_3.13.100.v20181201-1650.jar:na]
	at org.eclipse.debug.internal.core.LaunchConfigurationWorkingCopy.writeNewFile(LaunchConfigurationWorkingCopy.java:381) [org.eclipse.debug.core_3.13.100.v20181201-1650.jar:na]
	at org.eclipse.debug.internal.core.LaunchConfigurationWorkingCopy.doSave0(LaunchConfigurationWorkingCopy.java:258) [org.eclipse.debug.core_3.13.100.v20181201-1650.jar:na]
	at org.eclipse.debug.internal.core.LaunchConfigurationWorkingCopy.doSave(LaunchConfigurationWorkingCopy.java:228) [org.eclipse.debug.core_3.13.100.v20181201-1650.jar:na]
	at org.eclipse.debug.internal.core.LaunchConfigurationWorkingCopy.doSave(LaunchConfigurationWorkingCopy.java:186) [org.eclipse.debug.core_3.13.100.v20181201-1650.jar:na]
	at org.eclipse.m2e.jdt.internal.launch.MavenRuntimeClasspathProvider.disable(MavenRuntimeClasspathProvider.java:354) [org.eclipse.m2e.jdt_1.10.0.20181127-2120.jar:na]
	at org.eclipse.m2e.jdt.internal.launch.MavenRuntimeClasspathProvider.disable(MavenRuntimeClasspathProvider.java:378) [org.eclipse.m2e.jdt_1.10.0.20181127-2120.jar:na]
	at org.eclipse.m2e.jdt.internal.launch.MavenLaunchConfigurationListener.mavenProjectChanged(MavenLaunchConfigurationListener.java:70) [org.eclipse.m2e.jdt_1.10.0.20181127-2120.jar:na]
	at org.eclipse.m2e.core.internal.project.registry.ProjectRegistryManager.notifyProjectChangeListeners(ProjectRegistryManager.java:777) [org.eclipse.m2e.core_1.10.0.20181127-2120.jar:na]
	at org.eclipse.m2e.core.internal.project.registry.ProjectRegistryManager.applyMutableProjectRegistry(ProjectRegistryManager.java:921) [org.eclipse.m2e.core_1.10.0.20181127-2120.jar:na]
	at org.eclipse.m2e.core.internal.project.registry.ProjectRegistryRefreshJob$1.call(ProjectRegistryRefreshJob.java:98) [org.eclipse.m2e.core_1.10.0.20181127-2120.jar:na]
	at org.eclipse.m2e.core.internal.project.registry.ProjectRegistryRefreshJob$1.call(ProjectRegistryRefreshJob.java:1) [org.eclipse.m2e.core_1.10.0.20181127-2120.jar:na]
	at org.eclipse.m2e.core.internal.embedder.MavenExecutionContext.executeBare(MavenExecutionContext.java:177) [org.eclipse.m2e.core_1.10.0.20181127-2120.jar:na]
	at org.eclipse.m2e.core.internal.embedder.MavenExecutionContext.execute(MavenExecutionContext.java:151) [org.eclipse.m2e.core_1.10.0.20181127-2120.jar:na]
	at org.eclipse.m2e.core.internal.embedder.MavenExecutionContext.execute(MavenExecutionContext.java:99) [org.eclipse.m2e.core_1.10.0.20181127-2120.jar:na]
	at org.eclipse.m2e.core.internal.embedder.MavenImpl.execute(MavenImpl.java:1336) [org.eclipse.m2e.core_1.10.0.20181127-2120.jar:na]
	at org.eclipse.m2e.core.internal.project.registry.ProjectRegistryRefreshJob.run(ProjectRegistryRefreshJob.java:81) [org.eclipse.m2e.core_1.10.0.20181127-2120.jar:na]
	at org.eclipse.core.internal.jobs.Worker.run(Worker.java:63) [org.eclipse.core.jobs_3.10.200.v20180912-1356.jar:na]
2019-01-23 18:00:59,214 [Worker-32: Building workspace] INFO  o.e.m.c.i.embedder.EclipseLogger - Using 'UTF-8' encoding to copy filtered resources.
2019-01-23 18:00:59,224 [Worker-32: Building workspace] INFO  o.e.m.c.i.embedder.EclipseLogger - skip non existing resourceDirectory C:\Users\USER\Documents\workspace-spring-tool-suite-4-4.1.0.RELEASE\Test2\src\main\resources
2019-01-23 18:00:59,249 [Worker-32: Building workspace] INFO  o.e.m.c.i.embedder.EclipseLogger - Using 'UTF-8' encoding to copy filtered resources.
2019-01-23 18:00:59,268 [Worker-32: Building workspace] INFO  o.e.m.c.i.embedder.EclipseLogger - skip non existing resourceDirectory C:\Users\USER\Documents\workspace-spring-tool-suite-4-4.1.0.RELEASE\Test2\src\test\resources
2019-01-23 18:01:30,460 [Worker-32: Building workspace] INFO  o.e.m.c.i.embedder.EclipseLogger - Using 'UTF-8' encoding to copy filtered resources.
2019-01-23 18:01:30,473 [Worker-32: Building workspace] INFO  o.e.m.c.i.embedder.EclipseLogger - skip non existing resourceDirectory C:\Users\USER\Documents\workspace-spring-tool-suite-4-4.1.0.RELEASE\Test2\src\main\resources
2019-01-23 18:01:30,508 [Worker-32: Building workspace] INFO  o.e.m.c.i.embedder.EclipseLogger - Using 'UTF-8' encoding to copy filtered resources.
2019-01-23 18:01:30,521 [Worker-32: Building workspace] INFO  o.e.m.c.i.embedder.EclipseLogger - skip non existing resourceDirectory C:\Users\USER\Documents\workspace-spring-tool-suite-4-4.1.0.RELEASE\Test2\src\test\resources
2019-01-23 18:02:52,538 [Worker-35: Building workspace] INFO  o.e.m.c.i.embedder.EclipseLogger - Using 'UTF-8' encoding to copy filtered resources.
2019-01-23 18:02:52,551 [Worker-35: Building workspace] INFO  o.e.m.c.i.embedder.EclipseLogger - skip non existing resourceDirectory C:\Users\USER\Documents\workspace-spring-tool-suite-4-4.1.0.RELEASE\Test2\src\main\resources
2019-01-23 18:02:52,562 [Worker-35: Building workspace] INFO  o.e.m.c.i.embedder.EclipseLogger - Using 'UTF-8' encoding to copy filtered resources.
2019-01-23 18:02:52,568 [Worker-35: Building workspace] INFO  o.e.m.c.i.embedder.EclipseLogger - skip non existing resourceDirectory C:\Users\USER\Documents\workspace-spring-tool-suite-4-4.1.0.RELEASE\Test2\src\test\resources
2019-01-23 18:02:55,587 [Worker-34: Building workspace] INFO  o.e.m.c.i.embedder.EclipseLogger - Using 'UTF-8' encoding to copy filtered resources.
2019-01-23 18:02:55,594 [Worker-34: Building workspace] INFO  o.e.m.c.i.embedder.EclipseLogger - skip non existing resourceDirectory C:\Users\USER\Documents\workspace-spring-tool-suite-4-4.1.0.RELEASE\Test2\src\main\resources
2019-01-23 18:02:55,601 [Worker-34: Building workspace] INFO  o.e.m.c.i.embedder.EclipseLogger - Using 'UTF-8' encoding to copy filtered resources.
2019-01-23 18:02:55,606 [Worker-34: Building workspace] INFO  o.e.m.c.i.embedder.EclipseLogger - skip non existing resourceDirectory C:\Users\USER\Documents\workspace-spring-tool-suite-4-4.1.0.RELEASE\Test2\src\test\resources
2019-01-23 18:03:00,462 [Worker-34: Building workspace] INFO  o.e.m.c.i.embedder.EclipseLogger - Using 'UTF-8' encoding to copy filtered resources.
2019-01-23 18:03:00,477 [Worker-34: Building workspace] INFO  o.e.m.c.i.embedder.EclipseLogger - skip non existing resourceDirectory C:\Users\USER\Documents\workspace-spring-tool-suite-4-4.1.0.RELEASE\Test2\src\main\resources
2019-01-23 18:03:00,485 [Worker-34: Building workspace] INFO  o.e.m.c.i.embedder.EclipseLogger - Using 'UTF-8' encoding to copy filtered resources.
2019-01-23 18:03:00,491 [Worker-34: Building workspace] INFO  o.e.m.c.i.embedder.EclipseLogger - skip non existing resourceDirectory C:\Users\USER\Documents\workspace-spring-tool-suite-4-4.1.0.RELEASE\Test2\src\test\resources
2019-01-23 18:03:16,874 [Worker-32: Building workspace] INFO  o.e.m.c.i.embedder.EclipseLogger - Using 'UTF-8' encoding to copy filtered resources.
2019-01-23 18:03:16,878 [Worker-32: Building workspace] INFO  o.e.m.c.i.embedder.EclipseLogger - skip non existing resourceDirectory C:\Users\USER\Documents\workspace-spring-tool-suite-4-4.1.0.RELEASE\Test2\src\main\resources
2019-01-23 18:03:16,884 [Worker-32: Building workspace] INFO  o.e.m.c.i.embedder.EclipseLogger - Using 'UTF-8' encoding to copy filtered resources.
2019-01-23 18:03:16,889 [Worker-32: Building workspace] INFO  o.e.m.c.i.embedder.EclipseLogger - skip non existing resourceDirectory C:\Users\USER\Documents\workspace-spring-tool-suite-4-4.1.0.RELEASE\Test2\src\test\resources
2019-01-23 18:03:27,852 [Worker-30: Building workspace] INFO  o.e.m.c.i.embedder.EclipseLogger - Using 'UTF-8' encoding to copy filtered resources.
2019-01-23 18:03:27,859 [Worker-30: Building workspace] INFO  o.e.m.c.i.embedder.EclipseLogger - skip non existing resourceDirectory C:\Users\USER\Documents\workspace-spring-tool-suite-4-4.1.0.RELEASE\Test2\src\main\resources
2019-01-23 18:03:27,868 [Worker-30: Building workspace] INFO  o.e.m.c.i.embedder.EclipseLogger - Using 'UTF-8' encoding to copy filtered resources.
2019-01-23 18:03:27,873 [Worker-30: Building workspace] INFO  o.e.m.c.i.embedder.EclipseLogger - skip non existing resourceDirectory C:\Users\USER\Documents\workspace-spring-tool-suite-4-4.1.0.RELEASE\Test2\src\test\resources
2019-01-23 18:03:50,978 [Worker-35: Building workspace] INFO  o.e.m.c.i.embedder.EclipseLogger - Using 'UTF-8' encoding to copy filtered resources.
2019-01-23 18:03:50,989 [Worker-35: Building workspace] INFO  o.e.m.c.i.embedder.EclipseLogger - skip non existing resourceDirectory C:\Users\USER\Documents\workspace-spring-tool-suite-4-4.1.0.RELEASE\Test2\src\main\resources
2019-01-23 18:03:50,999 [Worker-35: Building workspace] INFO  o.e.m.c.i.embedder.EclipseLogger - Using 'UTF-8' encoding to copy filtered resources.
2019-01-23 18:03:51,006 [Worker-35: Building workspace] INFO  o.e.m.c.i.embedder.EclipseLogger - skip non existing resourceDirectory C:\Users\USER\Documents\workspace-spring-tool-suite-4-4.1.0.RELEASE\Test2\src\test\resources
2019-01-23 18:05:41,992 [Worker-23: Building workspace] INFO  o.e.m.c.i.embedder.EclipseLogger - Using 'UTF-8' encoding to copy filtered resources.
2019-01-23 18:05:42,001 [Worker-23: Building workspace] INFO  o.e.m.c.i.embedder.EclipseLogger - skip non existing resourceDirectory C:\Users\USER\Documents\workspace-spring-tool-suite-4-4.1.0.RELEASE\Test2\src\main\resources
2019-01-23 18:05:42,015 [Worker-23: Building workspace] INFO  o.e.m.c.i.embedder.EclipseLogger - Using 'UTF-8' encoding to copy filtered resources.
2019-01-23 18:05:42,021 [Worker-23: Building workspace] INFO  o.e.m.c.i.embedder.EclipseLogger - skip non existing resourceDirectory C:\Users\USER\Documents\workspace-spring-tool-suite-4-4.1.0.RELEASE\Test2\src\test\resources
2019-01-23 18:06:31,453 [Worker-33: Building workspace] INFO  o.e.m.c.i.embedder.EclipseLogger - Using 'UTF-8' encoding to copy filtered resources.
2019-01-23 18:06:31,461 [Worker-33: Building workspace] INFO  o.e.m.c.i.embedder.EclipseLogger - skip non existing resourceDirectory C:\Users\USER\Documents\workspace-spring-tool-suite-4-4.1.0.RELEASE\Test2\src\main\resources
2019-01-23 18:06:31,470 [Worker-33: Building workspace] INFO  o.e.m.c.i.embedder.EclipseLogger - Using 'UTF-8' encoding to copy filtered resources.
2019-01-23 18:06:31,474 [Worker-33: Building workspace] INFO  o.e.m.c.i.embedder.EclipseLogger - skip non existing resourceDirectory C:\Users\USER\Documents\workspace-spring-tool-suite-4-4.1.0.RELEASE\Test2\src\test\resources
2019-01-23 18:07:30,818 [Worker-35: Building workspace] INFO  o.e.m.c.i.embedder.EclipseLogger - Using 'UTF-8' encoding to copy filtered resources.
2019-01-23 18:07:30,838 [Worker-35: Building workspace] INFO  o.e.m.c.i.embedder.EclipseLogger - skip non existing resourceDirectory C:\Users\USER\Documents\workspace-spring-tool-suite-4-4.1.0.RELEASE\Test2\src\main\resources
2019-01-23 18:07:30,853 [Worker-35: Building workspace] INFO  o.e.m.c.i.embedder.EclipseLogger - Using 'UTF-8' encoding to copy filtered resources.
2019-01-23 18:07:30,870 [Worker-35: Building workspace] INFO  o.e.m.c.i.embedder.EclipseLogger - skip non existing resourceDirectory C:\Users\USER\Documents\workspace-spring-tool-suite-4-4.1.0.RELEASE\Test2\src\test\resources
2019-01-23 18:07:56,033 [Worker-34: Building workspace] INFO  o.e.m.c.i.embedder.EclipseLogger - Using 'UTF-8' encoding to copy filtered resources.
2019-01-23 18:07:56,045 [Worker-34: Building workspace] INFO  o.e.m.c.i.embedder.EclipseLogger - skip non existing resourceDirectory C:\Users\USER\Documents\workspace-spring-tool-suite-4-4.1.0.RELEASE\Test2\src\main\resources
2019-01-23 18:07:56,057 [Worker-34: Building workspace] INFO  o.e.m.c.i.embedder.EclipseLogger - Using 'UTF-8' encoding to copy filtered resources.
2019-01-23 18:07:56,069 [Worker-34: Building workspace] INFO  o.e.m.c.i.embedder.EclipseLogger - skip non existing resourceDirectory C:\Users\USER\Documents\workspace-spring-tool-suite-4-4.1.0.RELEASE\Test2\src\test\resources
2019-01-23 18:08:55,451 [Worker-35: Building workspace] INFO  o.e.m.c.i.embedder.EclipseLogger - Using 'UTF-8' encoding to copy filtered resources.
2019-01-23 18:08:55,457 [Worker-35: Building workspace] INFO  o.e.m.c.i.embedder.EclipseLogger - skip non existing resourceDirectory C:\Users\USER\Documents\workspace-spring-tool-suite-4-4.1.0.RELEASE\Test2\src\main\resources
2019-01-23 18:08:55,464 [Worker-35: Building workspace] INFO  o.e.m.c.i.embedder.EclipseLogger - Using 'UTF-8' encoding to copy filtered resources.
2019-01-23 18:08:55,469 [Worker-35: Building workspace] INFO  o.e.m.c.i.embedder.EclipseLogger - skip non existing resourceDirectory C:\Users\USER\Documents\workspace-spring-tool-suite-4-4.1.0.RELEASE\Test2\src\test\resources
2019-01-23 18:10:01,887 [Worker-30: Building workspace] INFO  o.e.m.c.i.embedder.EclipseLogger - Using 'UTF-8' encoding to copy filtered resources.
2019-01-23 18:10:01,895 [Worker-30: Building workspace] INFO  o.e.m.c.i.embedder.EclipseLogger - skip non existing resourceDirectory C:\Users\USER\Documents\workspace-spring-tool-suite-4-4.1.0.RELEASE\Test2\src\main\resources
2019-01-23 18:10:01,902 [Worker-30: Building workspace] INFO  o.e.m.c.i.embedder.EclipseLogger - Using 'UTF-8' encoding to copy filtered resources.
2019-01-23 18:10:01,912 [Worker-30: Building workspace] INFO  o.e.m.c.i.embedder.EclipseLogger - skip non existing resourceDirectory C:\Users\USER\Documents\workspace-spring-tool-suite-4-4.1.0.RELEASE\Test2\src\test\resources
2019-01-23 18:10:38,339 [Worker-30: Building workspace] INFO  o.e.m.c.i.embedder.EclipseLogger - Using 'UTF-8' encoding to copy filtered resources.
2019-01-23 18:10:38,351 [Worker-30: Building workspace] INFO  o.e.m.c.i.embedder.EclipseLogger - skip non existing resourceDirectory C:\Users\USER\Documents\workspace-spring-tool-suite-4-4.1.0.RELEASE\Test2\src\main\resources
2019-01-23 18:10:38,358 [Worker-30: Building workspace] INFO  o.e.m.c.i.embedder.EclipseLogger - Using 'UTF-8' encoding to copy filtered resources.
2019-01-23 18:10:38,365 [Worker-30: Building workspace] INFO  o.e.m.c.i.embedder.EclipseLogger - skip non existing resourceDirectory C:\Users\USER\Documents\workspace-spring-tool-suite-4-4.1.0.RELEASE\Test2\src\test\resources
2019-01-23 18:10:44,630 [Worker-35: Building workspace] INFO  o.e.m.c.i.embedder.EclipseLogger - Using 'UTF-8' encoding to copy filtered resources.
2019-01-23 18:10:44,639 [Worker-35: Building workspace] INFO  o.e.m.c.i.embedder.EclipseLogger - skip non existing resourceDirectory C:\Users\USER\Documents\workspace-spring-tool-suite-4-4.1.0.RELEASE\Test2\src\main\resources
2019-01-23 18:10:44,649 [Worker-35: Building workspace] INFO  o.e.m.c.i.embedder.EclipseLogger - Using 'UTF-8' encoding to copy filtered resources.
2019-01-23 18:10:44,654 [Worker-35: Building workspace] INFO  o.e.m.c.i.embedder.EclipseLogger - skip non existing resourceDirectory C:\Users\USER\Documents\workspace-spring-tool-suite-4-4.1.0.RELEASE\Test2\src\test\resources
